2023-06-26 15:28:20,014 [Worker-5: Loading available Gradle versions] INFO  o.e.b.c.i.u.g.PublishedGradleVersions - Gradle version information cache is up-to-date. Trying to read.
2023-06-26 15:29:04,231 [Worker-1: Loading available Gradle versions] INFO  o.e.b.c.i.u.g.PublishedGradleVersions - Gradle version information cache is up-to-date. Trying to read.
2023-06-26 15:32:21,442 [Worker-2: Creating project "TaskTracker"] INFO  o.e.m.c.i.l.LifecycleMappingFactory - Using org.eclipse.m2e.jdt.JarLifecycleMapping lifecycle mapping for MavenProject: com.promineotech:TaskTracker:0.0.1-SNAPSHOT @ C:\Eclipse\PT Final Project\TaskTracker\pom.xml.
2023-06-26 15:32:21,667 [Worker-2: Creating project "TaskTracker"] INFO  o.e.m.j.i.AbstractJavaProjectConfigurator - Adding source folder /TaskTracker/src/main/java
2023-06-26 15:32:21,668 [Worker-2: Creating project "TaskTracker"] INFO  o.e.m.j.i.AbstractJavaProjectConfigurator - Adding resource folder /TaskTracker/src/main/resources
2023-06-26 15:32:21,669 [Worker-2: Creating project "TaskTracker"] INFO  o.e.m.j.i.AbstractJavaProjectConfigurator - Adding source folder /TaskTracker/src/test/java
2023-06-26 15:32:21,669 [Worker-2: Creating project "TaskTracker"] INFO  o.e.m.j.i.AbstractJavaProjectConfigurator - Adding resource folder /TaskTracker/src/test/resources
2023-06-26 15:32:22,321 [Worker-21: Building] WARN  o.e.m.c.i.embedder.EclipseLogger - Using platform encoding (Cp1252 actually) to copy filtered resources, i.e. build is platform dependent!
2023-06-26 15:32:22,325 [Worker-21: Building] INFO  o.e.m.c.i.embedder.EclipseLogger - Copying 0 resource
2023-06-26 15:32:22,328 [Worker-21: Building] WARN  o.e.m.c.i.embedder.EclipseLogger - Using platform encoding (Cp1252 actually) to copy filtered resources, i.e. build is platform dependent!
2023-06-26 15:32:22,329 [Worker-21: Building] INFO  o.e.m.c.i.embedder.EclipseLogger - Copying 0 resource
2023-06-26 15:32:31,123 [Worker-21: Building] INFO  o.e.m.c.i.l.LifecycleMappingFactory - Using org.eclipse.m2e.jdt.JarLifecycleMapping lifecycle mapping for MavenProject: com.promineotech:TaskTracker:0.0.1-SNAPSHOT @ C:\Eclipse\PT Final Project\TaskTracker\pom.xml.
2023-06-26 15:32:31,494 [Worker-21: Building] INFO  o.a.m.s.f.DefaultMavenResourcesFiltering - Copying 0 resource from src\main\resources to target\classes
2023-06-26 15:32:31,494 [Worker-21: Building] INFO  o.a.m.s.f.DefaultMavenResourcesFiltering - Copying 0 resource from src\main\resources to target\classes
2023-06-26 15:32:31,497 [Worker-21: Building] INFO  o.a.m.s.f.DefaultMavenResourcesFiltering - Copying 0 resource from src\test\resources to target\test-classes
2023-06-26 15:32:31,745 [Worker-14: Updating Maven Project] INFO  o.e.m.c.i.p.ProjectConfigurationManager - Update started
2023-06-26 15:32:31,980 [Worker-14: Updating Maven Project] INFO  o.e.m.c.i.l.LifecycleMappingFactory - Using org.eclipse.m2e.jdt.JarLifecycleMapping lifecycle mapping for MavenProject: com.promineotech:TaskTracker:0.0.1-SNAPSHOT @ C:\Eclipse\PT Final Project\TaskTracker\pom.xml.
2023-06-26 15:32:32,223 [Worker-14: Updating Maven Project] INFO  o.e.m.j.i.AbstractJavaProjectConfigurator - Adding source folder /TaskTracker/src/main/java
2023-06-26 15:32:32,224 [Worker-14: Updating Maven Project] INFO  o.e.m.j.i.AbstractJavaProjectConfigurator - Adding resource folder /TaskTracker/src/main/resources
2023-06-26 15:32:32,226 [Worker-14: Updating Maven Project] INFO  o.e.m.j.i.AbstractJavaProjectConfigurator - Adding resource folder /TaskTracker/src/main/resources
2023-06-26 15:32:32,229 [Worker-14: Updating Maven Project] INFO  o.e.m.j.i.AbstractJavaProjectConfigurator - Adding source folder /TaskTracker/src/test/java
2023-06-26 15:32:32,229 [Worker-14: Updating Maven Project] INFO  o.e.m.j.i.AbstractJavaProjectConfigurator - Adding resource folder /TaskTracker/src/test/resources
2023-06-26 15:32:32,441 [Worker-14: Updating Maven Project] INFO  o.e.m.c.i.p.ProjectConfigurationManager - Update completed for 1 poms: local refresh takes 0.00 sec, refresh facades takes 0.00 sec, update config takes 0.00 sec 
2023-06-26 15:32:32,816 [Worker-21: Building] INFO  o.a.m.s.f.DefaultMavenResourcesFiltering - Copying 0 resource from src\main\resources to target\classes
2023-06-26 15:32:32,816 [Worker-21: Building] INFO  o.a.m.s.f.DefaultMavenResourcesFiltering - Copying 0 resource from src\main\resources to target\classes
2023-06-26 15:32:32,818 [Worker-21: Building] INFO  o.a.m.s.f.DefaultMavenResourcesFiltering - Copying 0 resource from src\test\resources to target\test-classes
2023-06-26 15:32:40,103 [Worker-22: Updating Maven Project] INFO  o.e.m.c.i.p.ProjectConfigurationManager - Update started
2023-06-26 15:32:40,298 [Worker-22: Updating Maven Project] INFO  o.e.m.c.i.l.LifecycleMappingFactory - Using org.eclipse.m2e.jdt.JarLifecycleMapping lifecycle mapping for MavenProject: com.promineotech:TaskTracker:0.0.1-SNAPSHOT @ C:\Eclipse\PT Final Project\TaskTracker\pom.xml.
2023-06-26 15:32:40,524 [Worker-22: Updating Maven Project] INFO  o.e.m.j.i.AbstractJavaProjectConfigurator - Adding source folder /TaskTracker/src/main/java
2023-06-26 15:32:40,525 [Worker-22: Updating Maven Project] INFO  o.e.m.j.i.AbstractJavaProjectConfigurator - Adding resource folder /TaskTracker/src/main/resources
2023-06-26 15:32:40,525 [Worker-22: Updating Maven Project] INFO  o.e.m.j.i.AbstractJavaProjectConfigurator - Adding resource folder /TaskTracker/src/main/resources
2023-06-26 15:32:40,526 [Worker-22: Updating Maven Project] INFO  o.e.m.j.i.AbstractJavaProjectConfigurator - Adding source folder /TaskTracker/src/test/java
2023-06-26 15:32:40,527 [Worker-22: Updating Maven Project] INFO  o.e.m.j.i.AbstractJavaProjectConfigurator - Adding resource folder /TaskTracker/src/test/resources
2023-06-26 15:32:40,649 [Worker-22: Updating Maven Project] INFO  o.e.m.c.i.p.ProjectConfigurationManager - Update completed for 1 poms: local refresh takes 0.00 sec, refresh facades takes 0.00 sec, update config takes 0.00 sec 
2023-06-26 15:32:40,768 [Worker-23: Building] INFO  o.a.m.s.f.DefaultMavenResourcesFiltering - Copying 0 resource from src\main\resources to target\classes
2023-06-26 15:32:40,769 [Worker-23: Building] INFO  o.a.m.s.f.DefaultMavenResourcesFiltering - Copying 0 resource from src\main\resources to target\classes
2023-06-26 15:32:40,773 [Worker-23: Building] INFO  o.a.m.s.f.DefaultMavenResourcesFiltering - Copying 0 resource from src\test\resources to target\test-classes
